<?xml version="1.0" encoding="UTF-8"?>
<!-- Generated by org.testng.reporters.JUnitXMLReporter -->
<testsuite ignored="6" hostname="DESKTOP-CVL981B" failures="0" tests="2" name="Test" time="39.729" errors="0" timestamp="2024-08-30T08:00:51 IST">
  <testcase classname="testngframework.TestNG_91_Groups_TCs_Run" name="swiggy" time="19.547"/>
  <testcase classname="testngframework.TestNG_91_Groups_TCs_Run" name="zomato" time="12.193"/>
  <testcase classname="testngframework.TestNG_91_Groups_TCs_Run" name="google" time="0.0">
    <ignored/>
  </testcase> <!-- google -->
  <testcase classname="testngframework.TestNG_91_Groups_TCs_Run" name="twitter" time="0.0">
    <ignored/>
  </testcase> <!-- twitter -->
  <testcase classname="testngframework.TestNG_91_Groups_TCs_Run" name="redmine" time="0.0">
    <ignored/>
  </testcase> <!-- redmine -->
  <testcase classname="testngframework.TestNG_91_Groups_TCs_Run" name="gmail" time="0.0">
    <ignored/>
  </testcase> <!-- gmail -->
  <testcase classname="testngframework.TestNG_91_Groups_TCs_Run" name="facebook" time="0.0">
    <ignored/>
  </testcase> <!-- facebook -->
  <testcase classname="testngframework.TestNG_91_Groups_TCs_Run" name="selenium" time="0.0">
    <ignored/>
  </testcase> <!-- selenium -->
</testsuite> <!-- Test -->
