<?xml version="1.0" encoding="UTF-8"?>
<testng-results ignored="0" total="1" passed="1" failed="0" skipped="0">
  <reporter-output>
  </reporter-output>
  <suite started-at="2024-09-27T18:45:52 IST" name="Default suite" finished-at="2024-09-27T18:46:18 IST" duration-ms="26324">
    <groups>
    </groups>
    <test started-at="2024-09-27T18:45:52 IST" name="Default test" finished-at="2024-09-27T18:46:18 IST" duration-ms="26324">
      <class name="log4jtutorial.GoogleSearch">
        <test-method signature="search()[pri:0, instance:log4jtutorial.GoogleSearch@66f57048]" started-at="2024-09-27T18:45:52 IST" name="search" finished-at="2024-09-27T18:46:18 IST" duration-ms="26182" status="PASS">
          <reporter-output>
          </reporter-output>
        </test-method> <!-- search -->
      </class> <!-- log4jtutorial.GoogleSearch -->
    </test> <!-- Default test -->
  </suite> <!-- Default suite -->
</testng-results>
